rescuerrr1234/app/build/intermediates/manifest_merge_blame_file/debug/manifest-merger-blame-debug-report.txt
1<?xml version="1.0" encoding="utf-8"?>
2<manifest xmlns:android="http://schemas.android.com/apk/res/android"
3    package="com.rescue.offlineapp"
4    android:versionCode="1"
5    android:versionName="1.0" >
6
7    <uses-sdk
8        android:minSdkVersion="24"
9        android:targetSdkVersion="34" />
10
11    <!-- Bluetooth Permissions -->
12    <uses-permission android:name="android.permission.BLUETOOTH" />
12-->src\main\AndroidManifest.xml:6:5-68
12-->src\main\AndroidManifest.xml:6:22-65
13    <uses-permission android:name="android.permission.BLUETOOTH_ADMIN" />
13-->src\main\AndroidManifest.xml:7:5-74
13-->src\main\AndroidManifest.xml:7:22-71
14    <uses-permission android:name="android.permission.BLUETOOTH_CONNECT" />
14-->src\main\AndroidManifest.xml:8:5-76
14-->src\main\AndroidManifest.xml:8:22-73
15    <uses-permission android:name="android.permission.BLUETOOTH_SCAN" />
15-->src\main\AndroidManifest.xml:9:5-73
15-->src\main\AndroidManifest.xml:9:22-70
16    <uses-permission android:name="android.permission.BLUETOOTH_ADVERTISE" />
16-->src\main\AndroidManifest.xml:10:5-78
16-->src\main\AndroidManifest.xml:10:22-75
17
18    <!-- Location Permissions -->
19    <uses-permission android:name="android.permission.ACCESS_FINE_LOCATION" />
19-->src\main\AndroidManifest.xml:13:5-79
19-->src\main\AndroidManifest.xml:13:22-76
20    <uses-permission android:name="android.permission.ACCESS_COARSE_LOCATION" />
20-->src\main\AndroidManifest.xml:14:5-81
20-->src\main\AndroidManifest.xml:14:22-78
21    <uses-permission android:name="android.permission.ACCESS_BACKGROUND_LOCATION" />
21-->src\main\AndroidManifest.xml:15:5-85
21-->src\main\AndroidManifest.xml:15:22-82
22
23    <!-- Vibration Permission -->
24    <uses-permission android:name="android.permission.VIBRATE" />
24-->src\main\AndroidManifest.xml:18:5-66
24-->src\main\AndroidManifest.xml:18:22-63
25
26    <!-- Internet Permission (for Google Maps) -->
27    <uses-permission android:name="android.permission.INTERNET" />
27-->src\main\AndroidManifest.xml:21:5-67
27-->src\main\AndroidManifest.xml:21:22-64
28    <uses-permission android:name="android.permission.ACCESS_NETWORK_STATE" />
28-->src\main\AndroidManifest.xml:22:5-79
28-->src\main\AndroidManifest.xml:22:22-76
29
30    <!-- Bluetooth Features -->
31    <uses-feature
31-->src\main\AndroidManifest.xml:25:5-87
32        android:name="android.hardware.bluetooth"
32-->src\main\AndroidManifest.xml:25:19-60
33        android:required="true" />
33-->src\main\AndroidManifest.xml:25:61-84
34    <uses-feature
34-->src\main\AndroidManifest.xml:26:5-86
35        android:name="android.hardware.location"
35-->src\main\AndroidManifest.xml:26:19-59
36        android:required="true" />
36-->src\main\AndroidManifest.xml:26:60-83
37    <uses-feature
37-->src\main\AndroidManifest.xml:27:5-90
38        android:name="android.hardware.location.gps"
38-->src\main\AndroidManifest.xml:27:19-63
39        android:required="true" />
39-->src\main\AndroidManifest.xml:27:64-87
40
41    <permission
41-->[androidx.core:core:1.12.0] AndroidManifest.xml:22:5-24:47
42        android:name="com.rescue.offlineapp.DYNAMIC_RECEIVER_NOT_EXPORTED_PERMISSION"
42-->[androidx.core:core:1.12.0] AndroidManifest.xml:23:9-81
43        android:protectionLevel="signature" />
43-->[androidx.core:core:1.12.0] AndroidManifest.xml:24:9-44
44
45    <uses-permission android:name="com.rescue.offlineapp.DYNAMIC_RECEIVER_NOT_EXPORTED_PERMISSION" />
45-->[androidx.core:core:1.12.0] AndroidManifest.xml:26:5-97
45-->[androidx.core:core:1.12.0] AndroidManifest.xml:26:22-94
46
47    <application
47-->src\main\AndroidManifest.xml:29:5-64:19
48        android:allowBackup="true"
48-->src\main\AndroidManifest.xml:30:9-35
49        android:appComponentFactory="androidx.core.app.CoreComponentFactory"
49-->[androidx.core:core:1.12.0] AndroidManifest.xml:28:18-86
50        android:dataExtractionRules="@xml/data_extraction_rules"
50-->src\main\AndroidManifest.xml:31:9-65
51        android:debuggable="true"
52        android:extractNativeLibs="false"
53        android:fullBackupContent="@xml/backup_rules"
53-->src\main\AndroidManifest.xml:32:9-54
54        android:icon="@drawable/ic_rescue_logo"
54-->src\main\AndroidManifest.xml:33:9-48
55        android:label="@string/app_name"
55-->src\main\AndroidManifest.xml:34:9-41
56        android:roundIcon="@drawable/ic_rescue_logo"
56-->src\main\AndroidManifest.xml:35:9-53
57        android:supportsRtl="true"
57-->src\main\AndroidManifest.xml:36:9-35
58        android:testOnly="true"
59        android:theme="@style/Theme.OfflineRescueApp" >
59-->src\main\AndroidManifest.xml:37:9-54
60        <activity
60-->src\main\AndroidManifest.xml:40:9-48:20
61            android:name="com.rescue.offlineapp.ui.LoginActivity"
61-->src\main\AndroidManifest.xml:41:13-45
62            android:exported="true"
62-->src\main\AndroidManifest.xml:42:13-36
63            android:theme="@style/Theme.OfflineRescueApp" >
63-->src\main\AndroidManifest.xml:43:13-58
64            <intent-filter>
64-->src\main\AndroidManifest.xml:44:13-47:29
65                <action android:name="android.intent.action.MAIN" />
65-->src\main\AndroidManifest.xml:45:17-69
65-->src\main\AndroidManifest.xml:45:25-66
66
67                <category android:name="android.intent.category.LAUNCHER" />
67-->src\main\AndroidManifest.xml:46:17-77
67-->src\main\AndroidManifest.xml:46:27-74
68            </intent-filter>
69        </activity>
70        <activity
70-->src\main\AndroidManifest.xml:50:9-53:61
71            android:name="com.rescue.offlineapp.ui.VictimActivity"
71-->src\main\AndroidManifest.xml:51:13-46
72            android:exported="false"
72-->src\main\AndroidManifest.xml:52:13-37
73            android:theme="@style/Theme.OfflineRescueApp" />
73-->src\main\AndroidManifest.xml:53:13-58
74        <activity
74-->src\main\AndroidManifest.xml:55:9-58:61
75            android:name="com.rescue.offlineapp.ui.VolunteerActivity"
75-->src\main\AndroidManifest.xml:56:13-49
76            android:exported="false"
76-->src\main\AndroidManifest.xml:57:13-37
77            android:theme="@style/Theme.OfflineRescueApp" />
77-->src\main\AndroidManifest.xml:58:13-58
78        <activity
78-->src\main\AndroidManifest.xml:60:9-63:61
79            android:name="com.rescue.offlineapp.ui.AlertDetailActivity"
79-->src\main\AndroidManifest.xml:61:13-51
80            android:exported="false"
80-->src\main\AndroidManifest.xml:62:13-37
81            android:theme="@style/Theme.OfflineRescueApp" />
81-->src\main\AndroidManifest.xml:63:13-58
82        <activity
82-->[com.google.android.gms:play-services-base:18.1.0] AndroidManifest.xml:20:9-22:45
83            android:name="com.google.android.gms.common.api.GoogleApiActivity"
83-->[com.google.android.gms:play-services-base:18.1.0] AndroidManifest.xml:20:19-85
84            android:exported="false"
84-->[com.google.android.gms:play-services-base:18.1.0] AndroidManifest.xml:22:19-43
85            android:theme="@android:style/Theme.Translucent.NoTitleBar" />
85-->[com.google.android.gms:play-services-base:18.1.0] AndroidManifest.xml:21:19-78
86
87        <meta-data
87-->[com.google.android.gms:play-services-basement:18.1.0] AndroidManifest.xml:21:9-23:69
88            android:name="com.google.android.gms.version"
88-->[com.google.android.gms:play-services-basement:18.1.0] AndroidManifest.xml:22:13-58
89            android:value="@integer/google_play_services_version" />
89-->[com.google.android.gms:play-services-basement:18.1.0] AndroidManifest.xml:23:13-66
90
91        <provider
91-->[androidx.emoji2:emoji2:1.2.0] AndroidManifest.xml:24:9-32:20
92            android:name="androidx.startup.InitializationProvider"
92-->[androidx.emoji2:emoji2:1.2.0] AndroidManifest.xml:25:13-67
93            android:authorities="com.rescue.offlineapp.androidx-startup"
93-->[androidx.emoji2:emoji2:1.2.0] AndroidManifest.xml:26:13-68
94            android:exported="false" >
94-->[androidx.emoji2:emoji2:1.2.0] AndroidManifest.xml:27:13-37
95            <meta-data
95-->[androidx.emoji2:emoji2:1.2.0] AndroidManifest.xml:29:13-31:52
96                android:name="androidx.emoji2.text.EmojiCompatInitializer"
96-->[androidx.emoji2:emoji2:1.2.0] AndroidManifest.xml:30:17-75
97                android:value="androidx.startup" />
97-->[androidx.emoji2:emoji2:1.2.0] AndroidManifest.xml:31:17-49
98            <meta-data
98-->[androidx.lifecycle:lifecycle-process:2.7.0] AndroidManifest.xml:29:13-31:52
99                android:name="androidx.lifecycle.ProcessLifecycleInitializer"
99-->[androidx.lifecycle:lifecycle-process:2.7.0] AndroidManifest.xml:30:17-78
100                android:value="androidx.startup" />
100-->[androidx.lifecycle:lifecycle-process:2.7.0] AndroidManifest.xml:31:17-49
101            <meta-data
101-->[androidx.profileinstaller:profileinstaller:1.3.0] AndroidManifest.xml:29:13-31:52
102                android:name="androidx.profileinstaller.ProfileInstallerInitializer"
102-->[androidx.profileinstaller:profileinstaller:1.3.0] AndroidManifest.xml:30:17-85
103                android:value="androidx.startup" />
103-->[androidx.profileinstaller:profileinstaller:1.3.0] AndroidManifest.xml:31:17-49
104        </provider>
105
106        <uses-library
106-->[androidx.window:window:1.0.0] AndroidManifest.xml:25:9-27:40
107            android:name="androidx.window.extensions"
107-->[androidx.window:window:1.0.0] AndroidManifest.xml:26:13-54
108            android:required="false" />
108-->[androidx.window:window:1.0.0] AndroidManifest.xml:27:13-37
109        <uses-library
109-->[androidx.window:window:1.0.0] AndroidManifest.xml:28:9-30:40
110            android:name="androidx.window.sidecar"
110-->[androidx.window:window:1.0.0] AndroidManifest.xml:29:13-51
111            android:required="false" />
111-->[androidx.window:window:1.0.0] AndroidManifest.xml:30:13-37
112
113        <service
113-->[androidx.room:room-runtime:2.6.1] AndroidManifest.xml:24:9-28:63
114            android:name="androidx.room.MultiInstanceInvalidationService"
114-->[androidx.room:room-runtime:2.6.1] AndroidManifest.xml:25:13-74
115            android:directBootAware="true"
115-->[androidx.room:room-runtime:2.6.1] AndroidManifest.xml:26:13-43
116            android:exported="false" />
116-->[androidx.room:room-runtime:2.6.1] AndroidManifest.xml:27:13-37
117
118        <receiver
118-->[androidx.profileinstaller:profileinstaller:1.3.0] AndroidManifest.xml:34:9-52:20
119            android:name="androidx.profileinstaller.ProfileInstallReceiver"
119-->[androidx.profileinstaller:profileinstaller:1.3.0] AndroidManifest.xml:35:13-76
120            android:directBootAware="false"
120-->[androidx.profileinstaller:profileinstaller:1.3.0] AndroidManifest.xml:36:13-44
121            android:enabled="true"
121-->[androidx.profileinstaller:profileinstaller:1.3.0] AndroidManifest.xml:37:13-35
122            android:exported="true"
122-->[androidx.profileinstaller:profileinstaller:1.3.0] AndroidManifest.xml:38:13-36
123            android:permission="android.permission.DUMP" >
123-->[androidx.profileinstaller:profileinstaller:1.3.0] AndroidManifest.xml:39:13-57
124            <intent-filter>
124-->[androidx.profileinstaller:profileinstaller:1.3.0] AndroidManifest.xml:40:13-42:29
125                <action android:name="androidx.profileinstaller.action.INSTALL_PROFILE" />
125-->[androidx.profileinstaller:profileinstaller:1.3.0] AndroidManifest.xml:41:17-91
125-->[androidx.profileinstaller:profileinstaller:1.3.0] AndroidManifest.xml:41:25-88
126            </intent-filter>
127            <intent-filter>
127-->[androidx.profileinstaller:profileinstaller:1.3.0] AndroidManifest.xml:43:13-45:29
128                <action android:name="androidx.profileinstaller.action.SKIP_FILE" />
128-->[androidx.profileinstaller:profileinstaller:1.3.0] AndroidManifest.xml:44:17-85
128-->[androidx.profileinstaller:profileinstaller:1.3.0] AndroidManifest.xml:44:25-82
129            </intent-filter>
130            <intent-filter>
130-->[androidx.profileinstaller:profileinstaller:1.3.0] AndroidManifest.xml:46:13-48:29
131                <action android:name="androidx.profileinstaller.action.SAVE_PROFILE" />
131-->[androidx.profileinstaller:profileinstaller:1.3.0] AndroidManifest.xml:47:17-88
131-->[androidx.profileinstaller:profileinstaller:1.3.0] AndroidManifest.xml:47:25-85
132            </intent-filter>
133            <intent-filter>
133-->[androidx.profileinstaller:profileinstaller:1.3.0] AndroidManifest.xml:49:13-51:29
134                <action android:name="androidx.profileinstaller.action.BENCHMARK_OPERATION" />
134-->[androidx.profileinstaller:profileinstaller:1.3.0] AndroidManifest.xml:50:17-95
134-->[androidx.profileinstaller:profileinstaller:1.3.0] AndroidManifest.xml:50:25-92
135            </intent-filter>
136        </receiver>
137    </application>
138
139</manifest>